{"contracts\\DCurator.sol":{"l":{"27":16,"28":16,"29":16,"36":6,"37":6,"39":6,"40":6,"45":3,"46":3,"47":3,"48":3,"49":2,"51":1,"53":3,"54":3,"59":5,"60":5,"66":1,"71":1,"76":2,"80":1,"85":6,"86":6,"87":6,"90":6,"91":6,"92":6,"93":4,"94":4,"98":6,"99":6,"100":6,"101":6,"102":4,"105":6,"110":3,"111":2,"113":1,"114":1,"118":3,"119":2,"121":1,"122":1,"126":13,"131":1,"136":1},"path":"C:/dev/workspaces/blockchain-marketplace/distributed-marketplace/truffle/contracts/DCurator.sol","s":{"1":16,"2":16,"3":16,"4":6,"5":6,"6":6,"7":6,"8":3,"9":3,"10":3,"11":2,"12":1,"13":3,"14":3,"15":5,"16":5,"17":1,"18":1,"19":2,"20":6,"21":6,"22":6,"23":6,"24":6,"25":6,"26":4,"27":6,"28":6,"29":6,"30":6,"31":4,"32":6,"33":3,"34":2,"35":1,"36":1,"37":3,"38":2,"39":1,"40":1,"41":13,"42":1,"43":1},"b":{"1":[2,1],"2":[1,1],"3":[4,2],"4":[4,2],"5":[2,1],"6":[1,1],"7":[2,1],"8":[1,1]},"f":{"1":16,"2":6,"3":3,"4":5,"5":1,"6":1,"7":2,"8":6,"9":3,"10":3,"11":13,"12":1,"13":1},"fnMap":{"1":{"name":null,"line":26,"loc":{"start":{"line":26,"column":4},"end":{"line":26,"column":22}}},"2":{"name":"createItem","line":34,"loc":{"start":{"line":34,"column":4},"end":{"line":35,"column":76}}},"3":{"name":"updateVote","line":44,"loc":{"start":{"line":44,"column":4},"end":{"line":44,"column":67}}},"4":{"name":"getItemById","line":58,"loc":{"start":{"line":58,"column":4},"end":{"line":58,"column":122}}},"5":{"name":"updateViews","line":65,"loc":{"start":{"line":65,"column":4},"end":{"line":65,"column":40}}},"6":{"name":"getElementCount","line":70,"loc":{"start":{"line":70,"column":4},"end":{"line":70,"column":54}}},"7":{"name":"deleteItem","line":75,"loc":{"start":{"line":75,"column":4},"end":{"line":75,"column":38}}},"8":{"name":"getAllByCuratorName","line":84,"loc":{"start":{"line":84,"column":4},"end":{"line":84,"column":71}}},"9":{"name":"transfer","line":109,"loc":{"start":{"line":109,"column":4},"end":{"line":109,"column":71}}},"10":{"name":"requestTokens","line":117,"loc":{"start":{"line":117,"column":4},"end":{"line":117,"column":64}}},"11":{"name":"getTokenAmmount","line":125,"loc":{"start":{"line":125,"column":4},"end":{"line":125,"column":67}}},"12":{"name":"getSupply","line":129,"loc":{"start":{"line":129,"column":4},"end":{"line":130,"column":5}}},"13":{"name":"getCurrentTokens","line":134,"loc":{"start":{"line":134,"column":4},"end":{"line":135,"column":5}}}},"statementMap":{"1":{"start":{"line":27,"column":8},"end":{"line":27,"column":17}},"2":{"start":{"line":28,"column":8},"end":{"line":28,"column":27}},"3":{"start":{"line":29,"column":8},"end":{"line":29,"column":30}},"4":{"start":{"line":36,"column":8},"end":{"line":36,"column":25}},"5":{"start":{"line":37,"column":8},"end":{"line":37,"column":1095}},"6":{"start":{"line":39,"column":8},"end":{"line":39,"column":24}},"7":{"start":{"line":40,"column":8},"end":{"line":40,"column":20}},"8":{"start":{"line":45,"column":8},"end":{"line":45,"column":27}},"9":{"start":{"line":46,"column":8},"end":{"line":46,"column":52}},"10":{"start":{"line":48,"column":8},"end":{"line":48,"column":1528}},"11":{"start":{"line":49,"column":12},"end":{"line":49,"column":43}},"12":{"start":{"line":51,"column":12},"end":{"line":51,"column":43}},"13":{"start":{"line":53,"column":8},"end":{"line":53,"column":31}},"14":{"start":{"line":54,"column":2},"end":{"line":54,"column":16}},"15":{"start":{"line":59,"column":8},"end":{"line":59,"column":35}},"16":{"start":{"line":60,"column":8},"end":{"line":60,"column":1992}},"17":{"start":{"line":66,"column":8},"end":{"line":66,"column":27}},"18":{"start":{"line":71,"column":8},"end":{"line":71,"column":21}},"19":{"start":{"line":76,"column":8},"end":{"line":76,"column":2441}},"20":{"start":{"line":85,"column":8},"end":{"line":85,"column":52}},"21":{"start":{"line":86,"column":8},"end":{"line":86,"column":2775}},"22":{"start":{"line":87,"column":12},"end":{"line":87,"column":31}},"23":{"start":{"line":90,"column":8},"end":{"line":90,"column":17}},"24":{"start":{"line":91,"column":8},"end":{"line":91,"column":2890}},"25":{"start":{"line":92,"column":12},"end":{"line":92,"column":2931}},"26":{"start":{"line":93,"column":16},"end":{"line":93,"column":32}},"27":{"start":{"line":98,"column":8},"end":{"line":98,"column":47}},"28":{"start":{"line":99,"column":8},"end":{"line":99,"column":10}},"29":{"start":{"line":100,"column":8},"end":{"line":100,"column":3188}},"30":{"start":{"line":101,"column":12},"end":{"line":101,"column":3231}},"31":{"start":{"line":102,"column":16},"end":{"line":102,"column":34}},"32":{"start":{"line":105,"column":8},"end":{"line":105,"column":25}},"33":{"start":{"line":110,"column":8},"end":{"line":110,"column":27}},"34":{"start":{"line":111,"column":8},"end":{"line":111,"column":45}},"35":{"start":{"line":113,"column":8},"end":{"line":113,"column":28}},"36":{"start":{"line":114,"column":8},"end":{"line":114,"column":33}},"37":{"start":{"line":118,"column":8},"end":{"line":118,"column":27}},"38":{"start":{"line":119,"column":8},"end":{"line":119,"column":42}},"39":{"start":{"line":121,"column":2},"end":{"line":121,"column":50}},"40":{"start":{"line":122,"column":2},"end":{"line":122,"column":44}},"41":{"start":{"line":126,"column":8},"end":{"line":126,"column":26}},"42":{"start":{"line":131,"column":8},"end":{"line":131,"column":30}},"43":{"start":{"line":136,"column":8},"end":{"line":136,"column":33}}},"branchMap":{"1":{"line":48,"type":"if","locations":[{"start":{"line":48,"column":8},"end":{"line":48,"column":8}},{"start":{"line":48,"column":8},"end":{"line":48,"column":8}}]},"2":{"line":76,"type":"if","locations":[{"start":{"line":76,"column":8},"end":{"line":76,"column":8}},{"start":{"line":76,"column":8},"end":{"line":76,"column":8}}]},"3":{"line":92,"type":"if","locations":[{"start":{"line":92,"column":12},"end":{"line":92,"column":12}},{"start":{"line":92,"column":12},"end":{"line":92,"column":12}}]},"4":{"line":101,"type":"if","locations":[{"start":{"line":101,"column":12},"end":{"line":101,"column":12}},{"start":{"line":101,"column":12},"end":{"line":101,"column":12}}]},"5":{"line":110,"type":"if","locations":[{"start":{"line":110,"column":8},"end":{"line":110,"column":8}},{"start":{"line":110,"column":8},"end":{"line":110,"column":8}}]},"6":{"line":111,"type":"if","locations":[{"start":{"line":111,"column":8},"end":{"line":111,"column":8}},{"start":{"line":111,"column":8},"end":{"line":111,"column":8}}]},"7":{"line":118,"type":"if","locations":[{"start":{"line":118,"column":8},"end":{"line":118,"column":8}},{"start":{"line":118,"column":8},"end":{"line":118,"column":8}}]},"8":{"line":119,"type":"if","locations":[{"start":{"line":119,"column":8},"end":{"line":119,"column":8}},{"start":{"line":119,"column":8},"end":{"line":119,"column":8}}]}}}}