TN:
SF:C:/dev/workspaces/blockchain-marketplace/distributed-marketplace/truffle/contracts/DCurator.sol
FN:26,
FN:34,createItem
FN:44,updateVote
FN:58,getItemById
FN:65,updateViews
FN:70,getElementCount
FN:75,deleteItem
FN:84,getAllByCuratorName
FN:109,transfer
FN:117,requestTokens
FN:125,getTokenAmmount
FN:129,getSupply
FN:134,getCurrentTokens
FNF:13
FNH:13
FNDA:11,
FNDA:5,createItem
FNDA:3,updateVote
FNDA:5,getItemById
FNDA:1,updateViews
FNDA:1,getElementCount
FNDA:1,deleteItem
FNDA:4,getAllByCuratorName
FNDA:1,transfer
FNDA:1,requestTokens
FNDA:5,getTokenAmmount
FNDA:1,getSupply
FNDA:1,getCurrentTokens
DA:27,11
DA:28,11
DA:29,11
DA:36,5
DA:37,5
DA:39,5
DA:40,5
DA:45,3
DA:46,3
DA:47,3
DA:48,3
DA:49,2
DA:51,1
DA:53,3
DA:54,3
DA:59,5
DA:60,5
DA:66,1
DA:71,1
DA:76,1
DA:80,1
DA:85,4
DA:86,4
DA:87,4
DA:90,4
DA:91,4
DA:92,4
DA:93,2
DA:94,2
DA:98,4
DA:99,4
DA:100,4
DA:101,4
DA:102,2
DA:105,4
DA:110,1
DA:111,1
DA:113,1
DA:114,1
DA:118,1
DA:119,1
DA:121,1
DA:122,1
DA:126,5
DA:131,1
DA:136,1
LF:46
LH:46
BRDA:48,1,0,2
BRDA:48,1,1,1
BRDA:76,2,0,1
BRDA:76,2,1,0
BRDA:92,3,0,2
BRDA:92,3,1,2
BRDA:101,4,0,2
BRDA:101,4,1,2
BRDA:110,5,0,1
BRDA:110,5,1,0
BRDA:111,6,0,1
BRDA:111,6,1,0
BRDA:118,7,0,1
BRDA:118,7,1,0
BRDA:119,8,0,1
BRDA:119,8,1,0
BRF:16
BRH:11
end_of_record
