TN:
SF:C:/dev/workspaces/blockchain-marketplace/distributed-marketplace/truffle/contracts/DCurator.sol
FN:26,
FN:34,createItem
FN:44,updateVote
FN:58,getItemById
FN:65,updateViews
FN:70,getElementCount
FN:75,deleteItem
FN:84,getAllByCuratorName
FN:109,transfer
FN:117,requestTokens
FN:125,getTokenAmmount
FN:129,getSupply
FN:134,getCurrentTokens
FNF:13
FNH:13
FNDA:16,
FNDA:6,createItem
FNDA:3,updateVote
FNDA:5,getItemById
FNDA:1,updateViews
FNDA:1,getElementCount
FNDA:2,deleteItem
FNDA:6,getAllByCuratorName
FNDA:3,transfer
FNDA:3,requestTokens
FNDA:13,getTokenAmmount
FNDA:1,getSupply
FNDA:1,getCurrentTokens
DA:27,16
DA:28,16
DA:29,16
DA:36,6
DA:37,6
DA:39,6
DA:40,6
DA:45,3
DA:46,3
DA:47,3
DA:48,3
DA:49,2
DA:51,1
DA:53,3
DA:54,3
DA:59,5
DA:60,5
DA:66,1
DA:71,1
DA:76,2
DA:80,1
DA:85,6
DA:86,6
DA:87,6
DA:90,6
DA:91,6
DA:92,6
DA:93,4
DA:94,4
DA:98,6
DA:99,6
DA:100,6
DA:101,6
DA:102,4
DA:105,6
DA:110,3
DA:111,2
DA:113,1
DA:114,1
DA:118,3
DA:119,2
DA:121,1
DA:122,1
DA:126,13
DA:131,1
DA:136,1
LF:46
LH:46
BRDA:48,1,0,2
BRDA:48,1,1,1
BRDA:76,2,0,1
BRDA:76,2,1,1
BRDA:92,3,0,4
BRDA:92,3,1,2
BRDA:101,4,0,4
BRDA:101,4,1,2
BRDA:110,5,0,2
BRDA:110,5,1,1
BRDA:111,6,0,1
BRDA:111,6,1,1
BRDA:118,7,0,2
BRDA:118,7,1,1
BRDA:119,8,0,1
BRDA:119,8,1,1
BRF:16
BRH:16
end_of_record
